usbSerialExamples/build/outputs/apk/manifest-merger-debug-report.txt
-- Merging decision tree log ---
manifest
ADDED from AndroidManifest.xml:2:1
	xmlns:android
		ADDED from AndroidManifest.xml:2:11
	package
		ADDED from AndroidManifest.xml:3:5
	android:versionName
		ADDED from AndroidManifest.xml:5:5
	android:versionCode
		ADDED from AndroidManifest.xml:4:5
		INJECTED from AndroidManifest.xml:0:0
		INJECTED from AndroidManifest.xml:0:0
uses-sdk
ADDED from AndroidManifest.xml:7:5
MERGED from com.hoho.android:usbSerialForAndroid:0.2.0-SNAPSHOT:7:5
MERGED from com.google.android.gms:play-services:6.5.87:18:5
MERGED from com.android.support:support-v4:21.0.0:15:5
	android:targetSdkVersion
		INJECTED from AndroidManifest.xml:0:0
		INJECTED from AndroidManifest.xml:0:0
	android:minSdkVersion
		ADDED from AndroidManifest.xml:7:15
		INJECTED from AndroidManifest.xml:0:0
		INJECTED from AndroidManifest.xml:0:0
uses-feature#android.hardware.usb.host
ADDED from AndroidManifest.xml:9:5
	android:name
		ADDED from AndroidManifest.xml:9:19
application
ADDED from AndroidManifest.xml:11:5
MERGED from com.google.android.gms:play-services:6.5.87:20:5
MERGED from com.android.support:support-v4:21.0.0:16:5
	android:label
		ADDED from AndroidManifest.xml:13:9
	android:icon
		ADDED from AndroidManifest.xml:12:9
activity#com.hoho.android.usbserial.examples.DeviceListActivity
ADDED from AndroidManifest.xml:14:9
	android:label
		ADDED from AndroidManifest.xml:16:13
	android:theme
		ADDED from AndroidManifest.xml:17:13
	android:name
		ADDED from AndroidManifest.xml:15:13
intent-filter#android.intent.action.MAIN+android.intent.category.DEFAULT+android.intent.category.LAUNCHER
ADDED from AndroidManifest.xml:18:13
action#android.intent.action.MAIN
ADDED from AndroidManifest.xml:19:17
	android:name
		ADDED from AndroidManifest.xml:19:25
category#android.intent.category.DEFAULT
ADDED from AndroidManifest.xml:20:17
	android:name
		ADDED from AndroidManifest.xml:20:27
category#android.intent.category.LAUNCHER
ADDED from AndroidManifest.xml:21:17
	android:name
		ADDED from AndroidManifest.xml:21:27
intent-filter#android.hardware.usb.action.USB_DEVICE_ATTACHED
ADDED from AndroidManifest.xml:23:13
action#android.hardware.usb.action.USB_DEVICE_ATTACHED
ADDED from AndroidManifest.xml:24:17
	android:name
		ADDED from AndroidManifest.xml:24:25
meta-data#android.hardware.usb.action.USB_DEVICE_ATTACHED
ADDED from AndroidManifest.xml:26:13
	android:resource
		ADDED from AndroidManifest.xml:28:17
	android:name
		ADDED from AndroidManifest.xml:27:17
activity#com.hoho.android.usbserial.examples.SerialConsoleActivity
ADDED from AndroidManifest.xml:30:9
	android:label
		ADDED from AndroidManifest.xml:32:13
	android:theme
		ADDED from AndroidManifest.xml:33:13
	android:name
		ADDED from AndroidManifest.xml:31:13
service#com.hoho.android.usbserial.examples.WearMessageListenerService
ADDED from AndroidManifest.xml:34:13
	android:name
		ADDED from AndroidManifest.xml:34:22
intent-filter#com.google.android.gms.wearable.BIND_LISTENER
ADDED from AndroidManifest.xml:35:17
action#com.google.android.gms.wearable.BIND_LISTENER
ADDED from AndroidManifest.xml:36:21
	android:name
		ADDED from AndroidManifest.xml:36:29
meta-data#com.google.android.gms.version
ADDED from AndroidManifest.xml:40:9
MERGED from com.google.android.gms:play-services:6.5.87:21:9
	android:name
		ADDED from AndroidManifest.xml:40:20
	android:value
		ADDED from AndroidManifest.xml:40:66